  [1m[35m (0.1ms)[0m  [1m[34mSELECT sqlite_version(*)[0m
  ↳ bin/rails:9
  [1m[35m (173.2ms)[0m  [1m[35mCREATE TABLE "schema_migrations" ("version" varchar NOT NULL PRIMARY KEY)[0m
  ↳ bin/rails:9
  [1m[35m (137.9ms)[0m  [1m[35mCREATE TABLE "ar_internal_metadata" ("key" varchar NOT NULL PRIMARY KEY, "value" varchar, "created_at" datetime NOT NULL, "updated_at" datetime NOT NULL)[0m
  ↳ bin/rails:9
  [1m[35m (0.2ms)[0m  [1m[34mSELECT "schema_migrations"."version" FROM "schema_migrations" ORDER BY "schema_migrations"."version" ASC[0m
  ↳ bin/rails:9
Migrating to CreateCategories (20200220154633)
  [1m[35m (0.1ms)[0m  [1m[36mbegin transaction[0m
  ↳ bin/rails:9
  [1m[35m (0.5ms)[0m  [1m[35mCREATE TABLE "categories" ("id" integer PRIMARY KEY AUTOINCREMENT NOT NULL, "name" varchar, "category_id" integer, "created_at" datetime NOT NULL, "updated_at" datetime NOT NULL, CONSTRAINT "fk_rails_09a423a16c"
FOREIGN KEY ("category_id")
  REFERENCES "categories" ("id")
)[0m
  ↳ db/migrate/20200220154633_create_categories.rb:3
  [1m[35m (0.2ms)[0m  [1m[35mCREATE  INDEX "index_categories_on_category_id" ON "categories" ("category_id")[0m
  ↳ db/migrate/20200220154633_create_categories.rb:3
  [1m[36mActiveRecord::SchemaMigration Create (0.3ms)[0m  [1m[32mINSERT INTO "schema_migrations" ("version") VALUES (?)[0m  [["version", "20200220154633"]]
  ↳ bin/rails:9
  [1m[35m (102.6ms)[0m  [1m[36mcommit transaction[0m
  ↳ bin/rails:9
Migrating to CreateProducts (20200220154740)
  [1m[35m (0.2ms)[0m  [1m[36mbegin transaction[0m
  ↳ bin/rails:9
  [1m[35m (0.7ms)[0m  [1m[35mCREATE TABLE "products" ("id" integer PRIMARY KEY AUTOINCREMENT NOT NULL, "name" varchar, "created_at" datetime NOT NULL, "updated_at" datetime NOT NULL)[0m
  ↳ db/migrate/20200220154740_create_products.rb:3
  [1m[36mActiveRecord::SchemaMigration Create (0.2ms)[0m  [1m[32mINSERT INTO "schema_migrations" ("version") VALUES (?)[0m  [["version", "20200220154740"]]
  ↳ bin/rails:9
  [1m[35m (115.9ms)[0m  [1m[36mcommit transaction[0m
  ↳ bin/rails:9
Migrating to CreateJoinTable (20200220154807)
  [1m[35m (0.2ms)[0m  [1m[36mbegin transaction[0m
  ↳ bin/rails:9
  [1m[35m (1.1ms)[0m  [1m[35mCREATE TABLE "categories_products" ("category_id" integer NOT NULL, "product_id" integer NOT NULL)[0m
  ↳ db/migrate/20200220154807_create_join_table.rb:3
  [1m[35m (0.4ms)[0m  [1m[35mCREATE  INDEX "index_categories_products_on_category_id_and_product_id" ON "categories_products" ("category_id", "product_id")[0m
  ↳ db/migrate/20200220154807_create_join_table.rb:3
  [1m[35m (0.2ms)[0m  [1m[35mCREATE  INDEX "index_categories_products_on_product_id_and_category_id" ON "categories_products" ("product_id", "category_id")[0m
  ↳ db/migrate/20200220154807_create_join_table.rb:3
  [1m[36mActiveRecord::SchemaMigration Create (0.2ms)[0m  [1m[32mINSERT INTO "schema_migrations" ("version") VALUES (?)[0m  [["version", "20200220154807"]]
  ↳ bin/rails:9
  [1m[35m (142.3ms)[0m  [1m[36mcommit transaction[0m
  ↳ bin/rails:9
Migrating to CreateUsers (20200220155358)
  [1m[35m (0.2ms)[0m  [1m[36mbegin transaction[0m
  ↳ bin/rails:9
  [1m[35m (1.1ms)[0m  [1m[35mCREATE TABLE "users" ("id" integer PRIMARY KEY AUTOINCREMENT NOT NULL, "name" varchar, "created_at" datetime NOT NULL, "updated_at" datetime NOT NULL)[0m
  ↳ db/migrate/20200220155358_create_users.rb:3
  [1m[36mActiveRecord::SchemaMigration Create (0.6ms)[0m  [1m[32mINSERT INTO "schema_migrations" ("version") VALUES (?)[0m  [["version", "20200220155358"]]
  ↳ bin/rails:9
  [1m[35m (143.4ms)[0m  [1m[36mcommit transaction[0m
  ↳ bin/rails:9
Migrating to CreateOrders (20200220155436)
  [1m[35m (0.2ms)[0m  [1m[36mbegin transaction[0m
  ↳ bin/rails:9
  [1m[35m (1.3ms)[0m  [1m[35mCREATE TABLE "orders" ("id" integer PRIMARY KEY AUTOINCREMENT NOT NULL, "user_id" integer, "created_at" datetime NOT NULL, "updated_at" datetime NOT NULL, CONSTRAINT "fk_rails_f868b47f6a"
FOREIGN KEY ("user_id")
  REFERENCES "users" ("id")
)[0m
  ↳ db/migrate/20200220155436_create_orders.rb:3
  [1m[35m (0.4ms)[0m  [1m[35mCREATE  INDEX "index_orders_on_user_id" ON "orders" ("user_id")[0m
  ↳ db/migrate/20200220155436_create_orders.rb:3
  [1m[36mActiveRecord::SchemaMigration Create (0.2ms)[0m  [1m[32mINSERT INTO "schema_migrations" ("version") VALUES (?)[0m  [["version", "20200220155436"]]
  ↳ bin/rails:9
  [1m[35m (151.3ms)[0m  [1m[36mcommit transaction[0m
  ↳ bin/rails:9
Migrating to CreateOrderItems (20200220155630)
  [1m[35m (0.2ms)[0m  [1m[36mbegin transaction[0m
  ↳ bin/rails:9
  [1m[35m (0.5ms)[0m  [1m[35mCREATE TABLE "order_items" ("id" integer PRIMARY KEY AUTOINCREMENT NOT NULL, "order_id" integer, "product_id" integer, "created_at" datetime NOT NULL, "updated_at" datetime NOT NULL, CONSTRAINT "fk_rails_e3cb28f071"
FOREIGN KEY ("order_id")
  REFERENCES "orders" ("id")
, CONSTRAINT "fk_rails_f1a29ddd47"
FOREIGN KEY ("product_id")
  REFERENCES "products" ("id")
)[0m
  ↳ db/migrate/20200220155630_create_order_items.rb:3
  [1m[35m (0.3ms)[0m  [1m[35mCREATE  INDEX "index_order_items_on_order_id" ON "order_items" ("order_id")[0m
  ↳ db/migrate/20200220155630_create_order_items.rb:3
  [1m[35m (0.2ms)[0m  [1m[35mCREATE  INDEX "index_order_items_on_product_id" ON "order_items" ("product_id")[0m
  ↳ db/migrate/20200220155630_create_order_items.rb:3
  [1m[36mActiveRecord::SchemaMigration Create (0.2ms)[0m  [1m[32mINSERT INTO "schema_migrations" ("version") VALUES (?)[0m  [["version", "20200220155630"]]
  ↳ bin/rails:9
  [1m[35m (129.6ms)[0m  [1m[36mcommit transaction[0m
  ↳ bin/rails:9
Migrating to CreatePayments (20200220160156)
  [1m[35m (0.2ms)[0m  [1m[36mbegin transaction[0m
  ↳ bin/rails:9
  [1m[35m (1.1ms)[0m  [1m[35mCREATE TABLE "payments" ("id" integer PRIMARY KEY AUTOINCREMENT NOT NULL, "order_id" integer, "created_at" datetime NOT NULL, "updated_at" datetime NOT NULL, CONSTRAINT "fk_rails_6af949464b"
FOREIGN KEY ("order_id")
  REFERENCES "orders" ("id")
)[0m
  ↳ db/migrate/20200220160156_create_payments.rb:3
  [1m[35m (0.4ms)[0m  [1m[35mCREATE  INDEX "index_payments_on_order_id" ON "payments" ("order_id")[0m
  ↳ db/migrate/20200220160156_create_payments.rb:3
  [1m[36mActiveRecord::SchemaMigration Create (0.2ms)[0m  [1m[32mINSERT INTO "schema_migrations" ("version") VALUES (?)[0m  [["version", "20200220160156"]]
  ↳ bin/rails:9
  [1m[35m (153.9ms)[0m  [1m[36mcommit transaction[0m
  ↳ bin/rails:9
Migrating to CreatePaymentMethods (20200220160354)
  [1m[35m (0.2ms)[0m  [1m[36mbegin transaction[0m
  ↳ bin/rails:9
  [1m[35m (0.9ms)[0m  [1m[35mCREATE TABLE "payment_methods" ("id" integer PRIMARY KEY AUTOINCREMENT NOT NULL, "name" varchar, "created_at" datetime NOT NULL, "updated_at" datetime NOT NULL)[0m
  ↳ db/migrate/20200220160354_create_payment_methods.rb:3
  [1m[36mActiveRecord::SchemaMigration Create (0.5ms)[0m  [1m[32mINSERT INTO "schema_migrations" ("version") VALUES (?)[0m  [["version", "20200220160354"]]
  ↳ bin/rails:9
  [1m[35m (138.4ms)[0m  [1m[36mcommit transaction[0m
  ↳ bin/rails:9
Migrating to AddPaymentMethodToPayments (20200220160428)
  [1m[35m (0.2ms)[0m  [1m[36mbegin transaction[0m
  ↳ bin/rails:9
  [1m[35m (1.8ms)[0m  [1m[35mALTER TABLE "payments" ADD "payment_method_id" integer[0m
  ↳ db/migrate/20200220160428_add_payment_method_to_payments.rb:3
  [1m[35m (0.3ms)[0m  [1m[35mCREATE  INDEX "index_payments_on_payment_method_id" ON "payments" ("payment_method_id")[0m
  ↳ db/migrate/20200220160428_add_payment_method_to_payments.rb:3
  [1m[36mActiveRecord::SchemaMigration Create (0.3ms)[0m  [1m[32mINSERT INTO "schema_migrations" ("version") VALUES (?)[0m  [["version", "20200220160428"]]
  ↳ bin/rails:9
  [1m[35m (139.6ms)[0m  [1m[36mcommit transaction[0m
  ↳ bin/rails:9
Migrating to CreateColors (20200220174655)
  [1m[35m (0.2ms)[0m  [1m[36mbegin transaction[0m
  ↳ bin/rails:9
  [1m[35m (1.3ms)[0m  [1m[35mCREATE TABLE "colors" ("id" integer PRIMARY KEY AUTOINCREMENT NOT NULL, "name" varchar, "created_at" datetime NOT NULL, "updated_at" datetime NOT NULL)[0m
  ↳ db/migrate/20200220174655_create_colors.rb:3
  [1m[36mActiveRecord::SchemaMigration Create (0.3ms)[0m  [1m[32mINSERT INTO "schema_migrations" ("version") VALUES (?)[0m  [["version", "20200220174655"]]
  ↳ bin/rails:9
  [1m[35m (120.2ms)[0m  [1m[36mcommit transaction[0m
  ↳ bin/rails:9
Migrating to CreateSizes (20200220174710)
  [1m[35m (0.2ms)[0m  [1m[36mbegin transaction[0m
  ↳ bin/rails:9
  [1m[35m (1.0ms)[0m  [1m[35mCREATE TABLE "sizes" ("id" integer PRIMARY KEY AUTOINCREMENT NOT NULL, "name" varchar, "created_at" datetime NOT NULL, "updated_at" datetime NOT NULL)[0m
  ↳ db/migrate/20200220174710_create_sizes.rb:3
  [1m[36mActiveRecord::SchemaMigration Create (0.2ms)[0m  [1m[32mINSERT INTO "schema_migrations" ("version") VALUES (?)[0m  [["version", "20200220174710"]]
  ↳ bin/rails:9
  [1m[35m (122.9ms)[0m  [1m[36mcommit transaction[0m
  ↳ bin/rails:9
Migrating to CreateStocks (20200220174757)
  [1m[35m (0.2ms)[0m  [1m[36mbegin transaction[0m
  ↳ bin/rails:9
  [1m[35m (1.1ms)[0m  [1m[35mCREATE TABLE "stocks" ("id" integer PRIMARY KEY AUTOINCREMENT NOT NULL, "product_id" integer, "color_id" integer, "size_id" integer, "quantity" integer, "created_at" datetime NOT NULL, "updated_at" datetime NOT NULL, CONSTRAINT "fk_rails_cfc800c26b"
FOREIGN KEY ("product_id")
  REFERENCES "products" ("id")
, CONSTRAINT "fk_rails_358b47b48c"
FOREIGN KEY ("color_id")
  REFERENCES "colors" ("id")
, CONSTRAINT "fk_rails_37e56a42b0"
FOREIGN KEY ("size_id")
  REFERENCES "sizes" ("id")
)[0m
  ↳ db/migrate/20200220174757_create_stocks.rb:3
  [1m[35m (0.2ms)[0m  [1m[35mCREATE  INDEX "index_stocks_on_product_id" ON "stocks" ("product_id")[0m
  ↳ db/migrate/20200220174757_create_stocks.rb:3
  [1m[35m (0.2ms)[0m  [1m[35mCREATE  INDEX "index_stocks_on_color_id" ON "stocks" ("color_id")[0m
  ↳ db/migrate/20200220174757_create_stocks.rb:3
  [1m[35m (0.2ms)[0m  [1m[35mCREATE  INDEX "index_stocks_on_size_id" ON "stocks" ("size_id")[0m
  ↳ db/migrate/20200220174757_create_stocks.rb:3
  [1m[36mActiveRecord::SchemaMigration Create (0.2ms)[0m  [1m[32mINSERT INTO "schema_migrations" ("version") VALUES (?)[0m  [["version", "20200220174757"]]
  ↳ bin/rails:9
  [1m[35m (129.7ms)[0m  [1m[36mcommit transaction[0m
  ↳ bin/rails:9
  [1m[36mActiveRecord::InternalMetadata Load (0.6ms)[0m  [1m[34mSELECT  "ar_internal_metadata".* FROM "ar_internal_metadata" WHERE "ar_internal_metadata"."key" = ? LIMIT ?[0m  [["key", "environment"], ["LIMIT", 1]]
  ↳ bin/rails:9
  [1m[35m (0.1ms)[0m  [1m[36mbegin transaction[0m
  ↳ bin/rails:9
  [1m[36mActiveRecord::InternalMetadata Create (0.5ms)[0m  [1m[32mINSERT INTO "ar_internal_metadata" ("key", "value", "created_at", "updated_at") VALUES (?, ?, ?, ?)[0m  [["key", "environment"], ["value", "development"], ["created_at", "2020-02-21 19:42:52.033273"], ["updated_at", "2020-02-21 19:42:52.033273"]]
  ↳ bin/rails:9
  [1m[35m (106.7ms)[0m  [1m[36mcommit transaction[0m
  ↳ bin/rails:9
  [1m[35m (0.4ms)[0m  [1m[34mSELECT "schema_migrations"."version" FROM "schema_migrations" ORDER BY "schema_migrations"."version" ASC[0m
  ↳ bin/rails:9
  [1m[35m (0.2ms)[0m  [1m[34mSELECT "schema_migrations"."version" FROM "schema_migrations" ORDER BY "schema_migrations"."version" ASC[0m
  ↳ bin/rails:9
Migrating to ChangeProductIdToStockIdOnOrdersItems (20200221194258)
  [1m[35m (0.2ms)[0m  [1m[36mbegin transaction[0m
  ↳ bin/rails:9
  [1m[35m (0.1ms)[0m  [1m[34mSELECT sqlite_version(*)[0m
  ↳ db/migrate/20200221194258_change_product_id_to_stock_id_on_orders_items.rb:3
  [1m[35m (0.4ms)[0m  [1m[35mCREATE TEMPORARY TABLE "aorder_items" ("id" integer NOT NULL PRIMARY KEY, "order_id" integer DEFAULT NULL, "stock_id" integer DEFAULT NULL, "created_at" datetime NOT NULL, "updated_at" datetime NOT NULL)[0m
  ↳ db/migrate/20200221194258_change_product_id_to_stock_id_on_orders_items.rb:3
  [1m[35m (0.2ms)[0m  [1m[35mCREATE  INDEX "tindex_aorder_items_on_product_id" ON "aorder_items" ("stock_id")[0m
  ↳ db/migrate/20200221194258_change_product_id_to_stock_id_on_orders_items.rb:3
  [1m[35m (0.2ms)[0m  [1m[35mCREATE  INDEX "tindex_aorder_items_on_order_id" ON "aorder_items" ("order_id")[0m
  ↳ db/migrate/20200221194258_change_product_id_to_stock_id_on_orders_items.rb:3
  [1m[35m (0.1ms)[0m  [1m[32mINSERT INTO "aorder_items" ("id","order_id","stock_id","created_at","updated_at")
                     SELECT "id","order_id","product_id","created_at","updated_at" FROM "order_items"[0m
  ↳ db/migrate/20200221194258_change_product_id_to_stock_id_on_orders_items.rb:3
  [1m[35m (0.4ms)[0m  [1m[35mDROP TABLE "order_items"[0m
  ↳ db/migrate/20200221194258_change_product_id_to_stock_id_on_orders_items.rb:3
  [1m[35m (0.3ms)[0m  [1m[35mCREATE TABLE "order_items" ("id" integer NOT NULL PRIMARY KEY, "order_id" integer DEFAULT NULL, "stock_id" integer DEFAULT NULL, "created_at" datetime NOT NULL, "updated_at" datetime NOT NULL)[0m
  ↳ db/migrate/20200221194258_change_product_id_to_stock_id_on_orders_items.rb:3
  [1m[35m (0.2ms)[0m  [1m[35mCREATE  INDEX "index_order_items_on_order_id" ON "order_items" ("order_id")[0m
  ↳ db/migrate/20200221194258_change_product_id_to_stock_id_on_orders_items.rb:3
  [1m[35m (0.2ms)[0m  [1m[35mCREATE  INDEX "index_order_items_on_product_id" ON "order_items" ("stock_id")[0m
  ↳ db/migrate/20200221194258_change_product_id_to_stock_id_on_orders_items.rb:3
  [1m[35m (0.2ms)[0m  [1m[32mINSERT INTO "order_items" ("id","order_id","stock_id","created_at","updated_at")
                     SELECT "id","order_id","stock_id","created_at","updated_at" FROM "aorder_items"[0m
  ↳ db/migrate/20200221194258_change_product_id_to_stock_id_on_orders_items.rb:3
  [1m[35m (0.3ms)[0m  [1m[35mDROP TABLE "aorder_items"[0m
  ↳ db/migrate/20200221194258_change_product_id_to_stock_id_on_orders_items.rb:3
  [1m[35m (0.2ms)[0m  [1m[35mCREATE  INDEX "index_order_items_on_stock_id" ON "order_items" ("stock_id")[0m
  ↳ db/migrate/20200221194258_change_product_id_to_stock_id_on_orders_items.rb:3
  [1m[35m (0.2ms)[0m  [1m[35mDROP INDEX "index_order_items_on_product_id"[0m
  ↳ db/migrate/20200221194258_change_product_id_to_stock_id_on_orders_items.rb:3
  [1m[36mActiveRecord::SchemaMigration Create (0.2ms)[0m  [1m[32mINSERT INTO "schema_migrations" ("version") VALUES (?)[0m  [["version", "20200221194258"]]
  ↳ bin/rails:9
  [1m[35m (118.9ms)[0m  [1m[36mcommit transaction[0m
  ↳ bin/rails:9
Migrating to CreateCupons (20200221195640)
  [1m[35m (0.1ms)[0m  [1m[36mbegin transaction[0m
  ↳ bin/rails:9
  [1m[35m (0.9ms)[0m  [1m[35mCREATE TABLE "cupons" ("id" integer PRIMARY KEY AUTOINCREMENT NOT NULL, "cupon_type" integer, "amount_type" integer, "amount" integer, "used" boolean, "order_id" integer, "created_at" datetime NOT NULL, "updated_at" datetime NOT NULL, CONSTRAINT "fk_rails_c04c32d8b9"
FOREIGN KEY ("order_id")
  REFERENCES "orders" ("id")
)[0m
  ↳ db/migrate/20200221195640_create_cupons.rb:3
  [1m[35m (0.3ms)[0m  [1m[35mCREATE  INDEX "index_cupons_on_order_id" ON "cupons" ("order_id")[0m
  ↳ db/migrate/20200221195640_create_cupons.rb:3
  [1m[36mActiveRecord::SchemaMigration Create (0.3ms)[0m  [1m[32mINSERT INTO "schema_migrations" ("version") VALUES (?)[0m  [["version", "20200221195640"]]
  ↳ bin/rails:9
  [1m[35m (155.2ms)[0m  [1m[36mcommit transaction[0m
  ↳ bin/rails:9
  [1m[36mActiveRecord::InternalMetadata Load (0.4ms)[0m  [1m[34mSELECT  "ar_internal_metadata".* FROM "ar_internal_metadata" WHERE "ar_internal_metadata"."key" = ? LIMIT ?[0m  [["key", "environment"], ["LIMIT", 1]]
  ↳ bin/rails:9
  [1m[35m (0.1ms)[0m  [1m[36mbegin transaction[0m
  ↳ bin/rails:9
  [1m[35m (0.1ms)[0m  [1m[36mcommit transaction[0m
  ↳ bin/rails:9
  [1m[35m (0.2ms)[0m  [1m[34mSELECT "schema_migrations"."version" FROM "schema_migrations" ORDER BY "schema_migrations"."version" ASC[0m
  ↳ bin/rails:9
  [1m[35m (0.2ms)[0m  [1m[34mSELECT "schema_migrations"."version" FROM "schema_migrations" ORDER BY "schema_migrations"."version" ASC[0m
  ↳ bin/rails:9
  [1m[35m (0.2ms)[0m  [1m[34mSELECT "schema_migrations"."version" FROM "schema_migrations" ORDER BY "schema_migrations"."version" ASC[0m
  ↳ bin/rails:9
  [1m[35m (0.2ms)[0m  [1m[34mSELECT "schema_migrations"."version" FROM "schema_migrations" ORDER BY "schema_migrations"."version" ASC[0m
  ↳ bin/rails:9
  [1m[35m (0.1ms)[0m  [1m[34mSELECT "schema_migrations"."version" FROM "schema_migrations" ORDER BY "schema_migrations"."version" ASC[0m
  ↳ bin/rails:9
Migrating to CreateCupons (20200221195640)
  [1m[35m (0.1ms)[0m  [1m[36mbegin transaction[0m
  ↳ bin/rails:9
  [1m[35m (2.3ms)[0m  [1m[35mDROP TABLE "cupons"[0m
  ↳ bin/rails:9
  [1m[36mActiveRecord::SchemaMigration Destroy (0.4ms)[0m  [1m[31mDELETE FROM "schema_migrations" WHERE "schema_migrations"."version" = ?[0m  [["version", "20200221195640"]]
  ↳ bin/rails:9
  [1m[35m (107.2ms)[0m  [1m[36mcommit transaction[0m
  ↳ bin/rails:9
  [1m[35m (0.5ms)[0m  [1m[34mSELECT "schema_migrations"."version" FROM "schema_migrations" ORDER BY "schema_migrations"."version" ASC[0m
  ↳ bin/rails:9
  [1m[35m (0.2ms)[0m  [1m[34mSELECT "schema_migrations"."version" FROM "schema_migrations" ORDER BY "schema_migrations"."version" ASC[0m
  ↳ bin/rails:9
Migrating to CreateCupons (20200221195640)
  [1m[35m (0.1ms)[0m  [1m[36mbegin transaction[0m
  ↳ bin/rails:9
  [1m[35m (0.2ms)[0m  [1m[34mSELECT sqlite_version(*)[0m
  ↳ db/migrate/20200221195640_create_cupons.rb:3
  [1m[35m (0.6ms)[0m  [1m[35mCREATE TABLE "cupons" ("id" integer PRIMARY KEY AUTOINCREMENT NOT NULL, "cupon_type" integer, "amount_type" integer, "amount" integer, "used" boolean DEFAULT 0, "order_id" integer, "created_at" datetime NOT NULL, "updated_at" datetime NOT NULL, CONSTRAINT "fk_rails_c04c32d8b9"
FOREIGN KEY ("order_id")
  REFERENCES "orders" ("id")
)[0m
  ↳ db/migrate/20200221195640_create_cupons.rb:3
  [1m[35m (0.3ms)[0m  [1m[35mCREATE  INDEX "index_cupons_on_order_id" ON "cupons" ("order_id")[0m
  ↳ db/migrate/20200221195640_create_cupons.rb:3
  [1m[36mActiveRecord::SchemaMigration Create (0.3ms)[0m  [1m[32mINSERT INTO "schema_migrations" ("version") VALUES (?)[0m  [["version", "20200221195640"]]
  ↳ bin/rails:9
  [1m[35m (113.3ms)[0m  [1m[36mcommit transaction[0m
  ↳ bin/rails:9
  [1m[36mActiveRecord::InternalMetadata Load (0.8ms)[0m  [1m[34mSELECT  "ar_internal_metadata".* FROM "ar_internal_metadata" WHERE "ar_internal_metadata"."key" = ? LIMIT ?[0m  [["key", "environment"], ["LIMIT", 1]]
  ↳ bin/rails:9
  [1m[35m (0.1ms)[0m  [1m[36mbegin transaction[0m
  ↳ bin/rails:9
  [1m[35m (0.1ms)[0m  [1m[36mcommit transaction[0m
  ↳ bin/rails:9
  [1m[35m (0.2ms)[0m  [1m[34mSELECT "schema_migrations"."version" FROM "schema_migrations" ORDER BY "schema_migrations"."version" ASC[0m
  ↳ bin/rails:9
Started GET "/" for ::1 at 2020-02-23 19:00:41 -0300
  [1m[35m (0.2ms)[0m  [1m[34mSELECT "schema_migrations"."version" FROM "schema_migrations" ORDER BY "schema_migrations"."version" ASC[0m
  ↳ /home/mariela/.rvm/gems/ruby-2.6.3/gems/activerecord-5.2.4.1/lib/active_record/log_subscriber.rb:98
Processing by Rails::WelcomeController#index as HTML
  Rendering /home/mariela/.rvm/gems/ruby-2.6.3/gems/railties-5.2.4.1/lib/rails/templates/rails/welcome/index.html.erb
  Rendered /home/mariela/.rvm/gems/ruby-2.6.3/gems/railties-5.2.4.1/lib/rails/templates/rails/welcome/index.html.erb (6.6ms)
Completed 200 OK in 65ms (Views: 41.0ms | ActiveRecord: 0.0ms)


Started GET "/categories" for ::1 at 2020-02-23 19:01:24 -0300
  
ActionController::RoutingError (No route matches [GET] "/categories"):
  
actionpack (5.2.4.1) lib/action_dispatch/middleware/debug_exceptions.rb:65:in `call'
web-console (3.7.0) lib/web_console/middleware.rb:135:in `call_app'
web-console (3.7.0) lib/web_console/middleware.rb:30:in `block in call'
web-console (3.7.0) lib/web_console/middleware.rb:20:in `catch'
web-console (3.7.0) lib/web_console/middleware.rb:20:in `call'
actionpack (5.2.4.1) lib/action_dispatch/middleware/show_exceptions.rb:33:in `call'
railties (5.2.4.1) lib/rails/rack/logger.rb:38:in `call_app'
railties (5.2.4.1) lib/rails/rack/logger.rb:26:in `block in call'
activesupport (5.2.4.1) lib/active_support/tagged_logging.rb:71:in `block in tagged'
activesupport (5.2.4.1) lib/active_support/tagged_logging.rb:28:in `tagged'
activesupport (5.2.4.1) lib/active_support/tagged_logging.rb:71:in `tagged'
railties (5.2.4.1) lib/rails/rack/logger.rb:26:in `call'
sprockets-rails (3.2.1) lib/sprockets/rails/quiet_assets.rb:13:in `call'
actionpack (5.2.4.1) lib/action_dispatch/middleware/remote_ip.rb:81:in `call'
actionpack (5.2.4.1) lib/action_dispatch/middleware/request_id.rb:27:in `call'
rack (2.2.2) lib/rack/method_override.rb:24:in `call'
rack (2.2.2) lib/rack/runtime.rb:22:in `call'
activesupport (5.2.4.1) lib/active_support/cache/strategy/local_cache_middleware.rb:29:in `call'
actionpack (5.2.4.1) lib/action_dispatch/middleware/executor.rb:14:in `call'
actionpack (5.2.4.1) lib/action_dispatch/middleware/static.rb:127:in `call'
rack (2.2.2) lib/rack/sendfile.rb:110:in `call'
railties (5.2.4.1) lib/rails/engine.rb:524:in `call'
puma (3.12.2) lib/puma/configuration.rb:227:in `call'
puma (3.12.2) lib/puma/server.rb:674:in `handle_request'
puma (3.12.2) lib/puma/server.rb:476:in `process_client'
puma (3.12.2) lib/puma/server.rb:334:in `block in run'
puma (3.12.2) lib/puma/thread_pool.rb:135:in `block in spawn_thread'
  [1m[35m (0.2ms)[0m  [1m[34mSELECT "schema_migrations"."version" FROM "schema_migrations" ORDER BY "schema_migrations"."version" ASC[0m
  ↳ bin/rails:9
  [1m[36mActiveRecord::InternalMetadata Load (0.4ms)[0m  [1m[34mSELECT  "ar_internal_metadata".* FROM "ar_internal_metadata" WHERE "ar_internal_metadata"."key" = ? LIMIT ?[0m  [["key", "environment"], ["LIMIT", 1]]
  ↳ bin/rails:9
  [1m[35m (0.1ms)[0m  [1m[36mbegin transaction[0m
  ↳ bin/rails:9
  [1m[35m (0.0ms)[0m  [1m[36mcommit transaction[0m
  ↳ bin/rails:9
  [1m[35m (0.1ms)[0m  [1m[34mSELECT "schema_migrations"."version" FROM "schema_migrations" ORDER BY "schema_migrations"."version" ASC[0m
  ↳ bin/rails:9
